[0m12:22:55.890651 [debug] [MainThread]: Sending event: {'category': 'dbt', 'action': 'invocation', 'label': 'start', 'context': [<snowplow_tracker.self_describing_json.SelfDescribingJson object at 0x104d34fe0>, <snowplow_tracker.self_describing_json.SelfDescribingJson object at 0x108808ec0>, <snowplow_tracker.self_describing_json.SelfDescribingJson object at 0x108808aa0>]}


============================== 12:22:55.895283 | f9ee7109-cf18-4999-a67a-dbe1357127e9 ==============================
[0m12:22:55.895283 [info ] [MainThread]: Running with dbt=1.9.6
[0m12:22:55.896046 [debug] [MainThread]: running dbt with arguments {'printer_width': '80', 'indirect_selection': 'eager', 'write_json': 'True', 'log_cache_events': 'False', 'partial_parse': 'True', 'cache_selected_only': 'False', 'profiles_dir': '/Users/keithfajardo/Documents/MyProjects/docker_training/dbt', 'debug': 'False', 'fail_fast': 'False', 'log_path': 'logs', 'version_check': 'True', 'warn_error': 'None', 'use_colors': 'True', 'use_experimental_parser': 'False', 'empty': 'None', 'quiet': 'False', 'no_print': 'None', 'warn_error_options': 'WarnErrorOptions(include=[], exclude=[])', 'invocation_command': 'dbt init', 'static_parser': 'True', 'log_format': 'default', 'target_path': 'None', 'introspect': 'True', 'send_anonymous_usage_stats': 'True'}
[0m12:23:02.388720 [debug] [MainThread]: Starter project path: /Users/keithfajardo/.pyenv/versions/3.12.4/lib/python3.12/site-packages/dbt/include/starter_project
[0m12:23:02.395379 [info ] [MainThread]: 
Your new dbt project "demo_project" was created!

For more information on how to configure the profiles.yml file,
please consult the dbt documentation here:

  https://docs.getdbt.com/docs/configure-your-profile

One more thing:

Need help? Don't hesitate to reach out to us via GitHub issues or on Slack:

  https://community.getdbt.com/

Happy modeling!

[0m12:23:02.395855 [info ] [MainThread]: Setting up your profile.
[0m12:23:55.635848 [info ] [MainThread]: Profile demo_project written to /Users/keithfajardo/Documents/MyProjects/docker_training/dbt/profiles.yml using target's profile_template.yml and your supplied values. Run 'dbt debug' to validate the connection.
[0m12:23:55.909569 [debug] [MainThread]: Resource report: {"command_name": "init", "command_success": true, "command_wall_clock_time": 60.07971, "process_in_blocks": "0", "process_kernel_time": 0.17937, "process_mem_max_rss": "105103360", "process_out_blocks": "0", "process_user_time": 1.111034}
[0m12:23:55.910208 [debug] [MainThread]: Command `dbt init` succeeded at 12:23:55.910102 after 60.08 seconds
[0m12:23:55.910635 [debug] [MainThread]: Sending event: {'category': 'dbt', 'action': 'invocation', 'label': 'end', 'context': [<snowplow_tracker.self_describing_json.SelfDescribingJson object at 0x108808ec0>, <snowplow_tracker.self_describing_json.SelfDescribingJson object at 0x1033cda30>, <snowplow_tracker.self_describing_json.SelfDescribingJson object at 0x104d34fe0>]}
[0m12:23:55.911309 [debug] [MainThread]: Flushing usage events
[0m12:23:56.949537 [debug] [MainThread]: An error was encountered while trying to flush usage events
[0m12:25:06.411545 [debug] [MainThread]: Sending event: {'category': 'dbt', 'action': 'invocation', 'label': 'start', 'context': [<snowplow_tracker.self_describing_json.SelfDescribingJson object at 0x105019df0>, <snowplow_tracker.self_describing_json.SelfDescribingJson object at 0x107419130>, <snowplow_tracker.self_describing_json.SelfDescribingJson object at 0x107418ce0>]}


============================== 12:25:06.416169 | c3453d97-5a5d-493e-a7ea-4eba7d0afa3e ==============================
[0m12:25:06.416169 [info ] [MainThread]: Running with dbt=1.9.6
[0m12:25:06.416692 [debug] [MainThread]: running dbt with arguments {'printer_width': '80', 'indirect_selection': 'eager', 'write_json': 'True', 'log_cache_events': 'False', 'partial_parse': 'True', 'cache_selected_only': 'False', 'profiles_dir': '/Users/keithfajardo/Documents/MyProjects/docker_training/dbt', 'fail_fast': 'False', 'version_check': 'True', 'log_path': 'logs', 'warn_error': 'None', 'debug': 'False', 'use_colors': 'True', 'use_experimental_parser': 'False', 'empty': 'None', 'quiet': 'False', 'no_print': 'None', 'warn_error_options': 'WarnErrorOptions(include=[], exclude=[])', 'introspect': 'True', 'log_format': 'default', 'invocation_command': 'dbt debug', 'target_path': 'None', 'static_parser': 'True', 'send_anonymous_usage_stats': 'True'}
[0m12:25:06.431086 [info ] [MainThread]: dbt version: 1.9.6
[0m12:25:06.431627 [info ] [MainThread]: python version: 3.12.4
[0m12:25:06.431860 [info ] [MainThread]: python path: /Users/keithfajardo/.pyenv/versions/3.12.4/bin/python3.12
[0m12:25:06.432094 [info ] [MainThread]: os info: macOS-15.5-arm64-arm-64bit
[0m12:25:06.481949 [info ] [MainThread]: Using profiles dir at /Users/keithfajardo/Documents/MyProjects/docker_training/dbt
[0m12:25:06.482441 [info ] [MainThread]: Using profiles.yml file at /Users/keithfajardo/Documents/MyProjects/docker_training/dbt/profiles.yml
[0m12:25:06.482686 [info ] [MainThread]: Using dbt_project.yml file at /Users/keithfajardo/Documents/MyProjects/docker_training/dbt/dbt_project.yml
[0m12:25:06.483197 [info ] [MainThread]: adapter type: postgres
[0m12:25:06.483489 [info ] [MainThread]: adapter version: 1.9.0
[0m12:25:06.483732 [info ] [MainThread]: Configuration:
[0m12:25:06.483946 [info ] [MainThread]:   profiles.yml file [[32mOK found and valid[0m]
[0m12:25:06.484148 [info ] [MainThread]:   dbt_project.yml file [[31mERROR not found[0m]
[0m12:25:06.484349 [info ] [MainThread]: Required dependencies:
[0m12:25:06.484601 [debug] [MainThread]: Executing "git --help"
[0m12:25:06.497711 [debug] [MainThread]: STDOUT: "b"usage: git [-v | --version] [-h | --help] [-C <path>] [-c <name>=<value>]\n           [--exec-path[=<path>]] [--html-path] [--man-path] [--info-path]\n           [-p | --paginate | -P | --no-pager] [--no-replace-objects] [--no-lazy-fetch]\n           [--no-optional-locks] [--no-advice] [--bare] [--git-dir=<path>]\n           [--work-tree=<path>] [--namespace=<name>] [--config-env=<name>=<envvar>]\n           <command> [<args>]\n\nThese are common Git commands used in various situations:\n\nstart a working area (see also: git help tutorial)\n   clone      Clone a repository into a new directory\n   init       Create an empty Git repository or reinitialize an existing one\n\nwork on the current change (see also: git help everyday)\n   add        Add file contents to the index\n   mv         Move or rename a file, a directory, or a symlink\n   restore    Restore working tree files\n   rm         Remove files from the working tree and from the index\n\nexamine the history and state (see also: git help revisions)\n   bisect     Use binary search to find the commit that introduced a bug\n   diff       Show changes between commits, commit and working tree, etc\n   grep       Print lines matching a pattern\n   log        Show commit logs\n   show       Show various types of objects\n   status     Show the working tree status\n\ngrow, mark and tweak your common history\n   backfill   Download missing objects in a partial clone\n   branch     List, create, or delete branches\n   commit     Record changes to the repository\n   merge      Join two or more development histories together\n   rebase     Reapply commits on top of another base tip\n   reset      Reset current HEAD to the specified state\n   switch     Switch branches\n   tag        Create, list, delete or verify a tag object signed with GPG\n\ncollaborate (see also: git help workflows)\n   fetch      Download objects and refs from another repository\n   pull       Fetch from and integrate with another repository or a local branch\n   push       Update remote refs along with associated objects\n\n'git help -a' and 'git help -g' list available subcommands and some\nconcept guides. See 'git help <command>' or 'git help <concept>'\nto read about a specific subcommand or concept.\nSee 'git help git' for an overview of the system.\n""
[0m12:25:06.498525 [debug] [MainThread]: STDERR: "b''"
[0m12:25:06.498843 [info ] [MainThread]:  - git [[32mOK found[0m]

[0m12:25:06.499145 [info ] [MainThread]: Connection:
[0m12:25:06.499415 [info ] [MainThread]:   host: dbhost
[0m12:25:06.499635 [info ] [MainThread]:   port: 5432
[0m12:25:06.499838 [info ] [MainThread]:   user: username
[0m12:25:06.500348 [info ] [MainThread]:   database: dbname
[0m12:25:06.500562 [info ] [MainThread]:   schema: schemaname
[0m12:25:06.500769 [info ] [MainThread]:   connect_timeout: 10
[0m12:25:06.500975 [info ] [MainThread]:   role: None
[0m12:25:06.501173 [info ] [MainThread]:   search_path: None
[0m12:25:06.501373 [info ] [MainThread]:   keepalives_idle: 0
[0m12:25:06.501568 [info ] [MainThread]:   sslmode: None
[0m12:25:06.501767 [info ] [MainThread]:   sslcert: None
[0m12:25:06.501969 [info ] [MainThread]:   sslkey: None
[0m12:25:06.502165 [info ] [MainThread]:   sslrootcert: None
[0m12:25:06.502362 [info ] [MainThread]:   application_name: dbt
[0m12:25:06.502557 [info ] [MainThread]:   retries: 1
[0m12:25:06.503022 [info ] [MainThread]: Registered adapter: postgres=1.9.0
[0m12:25:07.017787 [debug] [MainThread]: Acquiring new postgres connection 'debug'
[0m12:25:07.049725 [debug] [MainThread]: Using postgres connection "debug"
[0m12:25:07.050070 [debug] [MainThread]: On debug: select 1 as id
[0m12:25:07.050310 [debug] [MainThread]: Opening a new connection, currently in state init
[0m12:25:07.237939 [debug] [MainThread]: Postgres adapter: Got a retryable error when attempting to open a postgres connection.
1 attempts remaining. Retrying in 0 seconds.
Error:
could not translate host name "dbhost" to address: nodename nor servname provided, or not known

[0m12:25:07.241423 [debug] [MainThread]: Postgres adapter: Error running SQL: select 1 as id
[0m12:25:07.242010 [debug] [MainThread]: Postgres adapter: Rolling back transaction.
[0m12:25:07.242477 [debug] [MainThread]: On debug: No close available on handle
[0m12:25:07.242942 [info ] [MainThread]:   Connection test: [[31mERROR[0m]

[0m12:25:07.243503 [info ] [MainThread]: [31m2 checks failed:[0m
[0m12:25:07.243850 [info ] [MainThread]: Project loading failed for the following reason:
 project path </Users/keithfajardo/Documents/MyProjects/docker_training/dbt/dbt_project.yml> not found

[0m12:25:07.244177 [info ] [MainThread]: dbt was unable to connect to the specified database.
The database returned the following error:

  >Database Error
  could not translate host name "dbhost" to address: nodename nor servname provided, or not known
  

Check your database credentials and try again. For more information, visit:
https://docs.getdbt.com/docs/configure-your-profile


[0m12:25:07.247665 [debug] [MainThread]: Resource report: {"command_name": "debug", "command_success": false, "command_wall_clock_time": 0.8919985, "process_in_blocks": "0", "process_kernel_time": 0.241245, "process_mem_max_rss": "111427584", "process_out_blocks": "0", "process_user_time": 1.182891}
[0m12:25:07.248300 [debug] [MainThread]: Command `dbt debug` failed at 12:25:07.248177 after 0.89 seconds
[0m12:25:07.248716 [debug] [MainThread]: Connection 'debug' was properly closed.
[0m12:25:07.249107 [debug] [MainThread]: Sending event: {'category': 'dbt', 'action': 'invocation', 'label': 'end', 'context': [<snowplow_tracker.self_describing_json.SelfDescribingJson object at 0x1072e2f60>, <snowplow_tracker.self_describing_json.SelfDescribingJson object at 0x106dbcd70>, <snowplow_tracker.self_describing_json.SelfDescribingJson object at 0x1078ed310>]}
[0m12:25:07.249635 [debug] [MainThread]: Flushing usage events
[0m12:25:08.365133 [debug] [MainThread]: An error was encountered while trying to flush usage events
[0m12:27:19.511939 [debug] [MainThread]: Sending event: {'category': 'dbt', 'action': 'invocation', 'label': 'start', 'context': [<snowplow_tracker.self_describing_json.SelfDescribingJson object at 0x105a21bb0>, <snowplow_tracker.self_describing_json.SelfDescribingJson object at 0x109408e30>, <snowplow_tracker.self_describing_json.SelfDescribingJson object at 0x1094089e0>]}


============================== 12:27:19.516657 | 8947107c-b27a-4516-8ae4-7b06d744e82e ==============================
[0m12:27:19.516657 [info ] [MainThread]: Running with dbt=1.9.6
[0m12:27:19.517219 [debug] [MainThread]: running dbt with arguments {'printer_width': '80', 'indirect_selection': 'eager', 'write_json': 'True', 'log_cache_events': 'False', 'partial_parse': 'True', 'cache_selected_only': 'False', 'profiles_dir': '/Users/keithfajardo/Documents/MyProjects/docker_training/dbt', 'fail_fast': 'False', 'debug': 'False', 'log_path': 'logs', 'warn_error': 'None', 'version_check': 'True', 'use_colors': 'True', 'use_experimental_parser': 'False', 'no_print': 'None', 'quiet': 'False', 'empty': 'None', 'warn_error_options': 'WarnErrorOptions(include=[], exclude=[])', 'static_parser': 'True', 'introspect': 'True', 'invocation_command': 'dbt debug', 'target_path': 'None', 'log_format': 'default', 'send_anonymous_usage_stats': 'True'}
[0m12:27:19.532251 [info ] [MainThread]: dbt version: 1.9.6
[0m12:27:19.532672 [info ] [MainThread]: python version: 3.12.4
[0m12:27:19.532941 [info ] [MainThread]: python path: /Users/keithfajardo/.pyenv/versions/3.12.4/bin/python3.12
[0m12:27:19.533171 [info ] [MainThread]: os info: macOS-15.5-arm64-arm-64bit
[0m12:27:19.537026 [error] [MainThread]: Encountered an error:
Parsing Error
  Env var required but not provided: 'DB_HOST'
[0m12:27:19.539521 [debug] [MainThread]: Resource report: {"command_name": "debug", "command_success": false, "command_wall_clock_time": 0.08544025, "process_in_blocks": "0", "process_kernel_time": 0.181822, "process_mem_max_rss": "102727680", "process_out_blocks": "0", "process_user_time": 1.067309}
[0m12:27:19.539952 [debug] [MainThread]: Command `dbt debug` failed at 12:27:19.539870 after 0.09 seconds
[0m12:27:19.540254 [debug] [MainThread]: Sending event: {'category': 'dbt', 'action': 'invocation', 'label': 'end', 'context': [<snowplow_tracker.self_describing_json.SelfDescribingJson object at 0x10947aa50>, <snowplow_tracker.self_describing_json.SelfDescribingJson object at 0x10948b770>, <snowplow_tracker.self_describing_json.SelfDescribingJson object at 0x109408c50>]}
[0m12:27:19.540555 [debug] [MainThread]: Flushing usage events
[0m12:27:20.973353 [debug] [MainThread]: An error was encountered while trying to flush usage events
